{
  "stats": {
    "suites": 1,
    "tests": 2,
    "passes": 2,
    "pending": 0,
    "failures": 0,
    "start": "2020-09-10T18:22:11.027Z",
    "end": "2020-09-10T18:22:34.324Z",
    "duration": 23297,
    "testsRegistered": 2,
    "passPercent": 100,
    "pendingPercent": 0,
    "other": 0,
    "hasOther": false,
    "skipped": 0,
    "hasSkipped": false
  },
  "results": [
    {
      "uuid": "4b883a99-c1b5-40d0-8e35-cddc0e855da8",
      "title": "",
      "fullFile": "cypress\\integration\\webautomation\\BrowserPageHandling.spec.js",
      "file": "cypress\\integration\\webautomation\\BrowserPageHandling.spec.js",
      "beforeHooks": [],
      "afterHooks": [],
      "tests": [],
      "suites": [
        {
          "uuid": "5c697639-d48f-4f2f-8609-8aded4155496",
          "title": "Browser Page Handling Suite",
          "fullFile": "",
          "file": "",
          "beforeHooks": [],
          "afterHooks": [],
          "tests": [
            {
              "title": "Page navigation back and forward",
              "fullTitle": "Browser Page Handling Suite Page navigation back and forward",
              "timedOut": null,
              "duration": 14771,
              "state": "passed",
              "speed": "slow",
              "pass": true,
              "fail": false,
              "pending": false,
              "context": null,
              "code": "//navigate to url\ncy.visit('https://demo.nopcommerce.com/'); //verify home page title\ncy.title().should('eq', 'nopCommerce demo store'); //click on register\ncy.get(\".ico-register\").click(); //verify registration page title\ncy.title().should('eq', 'nopCommerce demo store. Register'); //go back to home page\ncy.go('back'); //verify home page title\ncy.title().should('eq', 'nopCommerce demo store'); //go forward to registration page\ncy.go('forward'); //verify registration page title\ncy.title().should('eq', 'nopCommerce demo store. Register'); //go back to home page\ncy.go(-1); //verify home page title\ncy.title().should('eq', 'nopCommerce demo store'); //go forward to registration page\ncy.go(1); //verify registration page title\ncy.title().should('eq', 'nopCommerce demo store. Register');",
              "err": {},
              "uuid": "f057c62e-f45e-4df3-ae1d-6e64045007f0",
              "parentUUID": "5c697639-d48f-4f2f-8609-8aded4155496",
              "isHook": false,
              "skipped": false
            },
            {
              "title": "Page refresh",
              "fullTitle": "Browser Page Handling Suite Page refresh",
              "timedOut": null,
              "duration": 1093,
              "state": "passed",
              "speed": "slow",
              "pass": true,
              "fail": false,
              "pending": false,
              "context": null,
              "code": "//refresh the web page\ncy.reload();",
              "err": {},
              "uuid": "b64449d9-11ee-46a5-a217-89f8f1aaa4eb",
              "parentUUID": "5c697639-d48f-4f2f-8609-8aded4155496",
              "isHook": false,
              "skipped": false
            }
          ],
          "suites": [],
          "passes": [
            "f057c62e-f45e-4df3-ae1d-6e64045007f0",
            "b64449d9-11ee-46a5-a217-89f8f1aaa4eb"
          ],
          "failures": [],
          "pending": [],
          "skipped": [],
          "duration": 15864,
          "root": false,
          "rootEmpty": false,
          "_timeout": 2000
        }
      ],
      "passes": [],
      "failures": [],
      "pending": [],
      "skipped": [],
      "duration": 0,
      "root": true,
      "rootEmpty": true,
      "_timeout": 2000
    }
  ],
  "meta": {
    "mocha": {
      "version": "7.0.1"
    },
    "mochawesome": {
      "options": {
        "quiet": false,
        "reportFilename": "TestReport",
        "saveHtml": true,
        "saveJson": true,
        "consoleReporter": "spec",
        "useInlineDiffs": false,
        "code": true
      },
      "version": "6.1.1"
    },
    "marge": {
      "options": {
        "reportDir": "cypress/reports",
        "reportFilename": "TestReport",
        "overwrite": false,
        "html": true,
        "json": true,
        "charts": true
      },
      "version": "5.1.0"
    }
  }
}