{
  "stats": {
    "suites": 1,
    "tests": 3,
    "passes": 3,
    "pending": 0,
    "failures": 0,
    "start": "2020-09-10T18:25:58.087Z",
    "end": "2020-09-10T18:25:58.517Z",
    "duration": 430,
    "testsRegistered": 3,
    "passPercent": 100,
    "pendingPercent": 0,
    "other": 0,
    "hasOther": false,
    "skipped": 0,
    "hasSkipped": false
  },
  "results": [
    {
      "uuid": "3a8689c2-4b2c-48d4-ab0d-d0a6a7a29f0a",
      "title": "",
      "fullFile": "cypress\\integration\\webautomation\\Hooks.spec.js",
      "file": "cypress\\integration\\webautomation\\Hooks.spec.js",
      "beforeHooks": [],
      "afterHooks": [],
      "tests": [],
      "suites": [
        {
          "uuid": "0a91dfd9-3b5a-4a2f-a97e-8c60c2d9d938",
          "title": "Hooks Suite",
          "fullFile": "",
          "file": "",
          "beforeHooks": [],
          "afterHooks": [],
          "tests": [
            {
              "title": "First Test Case",
              "fullTitle": "Hooks Suite First Test Case",
              "timedOut": null,
              "duration": 138,
              "state": "passed",
              "speed": "slow",
              "pass": true,
              "fail": false,
              "pending": false,
              "context": null,
              "code": "cy.log(\"This is first test case\");",
              "err": {},
              "uuid": "18770486-e76b-4407-bb99-d49457f26c05",
              "parentUUID": "0a91dfd9-3b5a-4a2f-a97e-8c60c2d9d938",
              "isHook": false,
              "skipped": false
            },
            {
              "title": "Second Test Case",
              "fullTitle": "Hooks Suite Second Test Case",
              "timedOut": null,
              "duration": 108,
              "state": "passed",
              "speed": "slow",
              "pass": true,
              "fail": false,
              "pending": false,
              "context": null,
              "code": "cy.log(\"This is second test case\");",
              "err": {},
              "uuid": "6e249245-75a2-46ab-9386-460c2f784f0a",
              "parentUUID": "0a91dfd9-3b5a-4a2f-a97e-8c60c2d9d938",
              "isHook": false,
              "skipped": false
            },
            {
              "title": "Third Test Case",
              "fullTitle": "Hooks Suite Third Test Case",
              "timedOut": null,
              "duration": 56,
              "state": "passed",
              "speed": "medium",
              "pass": true,
              "fail": false,
              "pending": false,
              "context": null,
              "code": "cy.log(\"This is third test case\");",
              "err": {},
              "uuid": "ce1660a8-cf29-4525-aaf1-e1e4228f7945",
              "parentUUID": "0a91dfd9-3b5a-4a2f-a97e-8c60c2d9d938",
              "isHook": false,
              "skipped": false
            }
          ],
          "suites": [],
          "passes": [
            "18770486-e76b-4407-bb99-d49457f26c05",
            "6e249245-75a2-46ab-9386-460c2f784f0a",
            "ce1660a8-cf29-4525-aaf1-e1e4228f7945"
          ],
          "failures": [],
          "pending": [],
          "skipped": [],
          "duration": 302,
          "root": false,
          "rootEmpty": false,
          "_timeout": 2000
        }
      ],
      "passes": [],
      "failures": [],
      "pending": [],
      "skipped": [],
      "duration": 0,
      "root": true,
      "rootEmpty": true,
      "_timeout": 2000
    }
  ],
  "meta": {
    "mocha": {
      "version": "7.0.1"
    },
    "mochawesome": {
      "options": {
        "quiet": false,
        "reportFilename": "TestReport",
        "saveHtml": true,
        "saveJson": true,
        "consoleReporter": "spec",
        "useInlineDiffs": false,
        "code": true
      },
      "version": "6.1.1"
    },
    "marge": {
      "options": {
        "reportDir": "cypress/reports",
        "reportFilename": "TestReport",
        "overwrite": false,
        "html": true,
        "json": true,
        "charts": true
      },
      "version": "5.1.0"
    }
  }
}