{
  "stats": {
    "suites": 1,
    "tests": 2,
    "passes": 2,
    "pending": 0,
    "failures": 0,
    "start": "2020-09-10T18:21:49.082Z",
    "end": "2020-09-10T18:22:04.688Z",
    "duration": 15606,
    "testsRegistered": 2,
    "passPercent": 100,
    "pendingPercent": 0,
    "other": 0,
    "hasOther": false,
    "skipped": 0,
    "hasSkipped": false
  },
  "results": [
    {
      "uuid": "8152b8ab-0b35-44dd-ab6e-c733c9757a7e",
      "title": "",
      "fullFile": "cypress\\integration\\webautomation\\AlertsHandling.spec.js",
      "file": "cypress\\integration\\webautomation\\AlertsHandling.spec.js",
      "beforeHooks": [],
      "afterHooks": [],
      "tests": [],
      "suites": [
        {
          "uuid": "84985c9a-1eaf-415c-a78f-80dd74ce9bba",
          "title": "Alerts Handling Suite",
          "fullFile": "",
          "file": "",
          "beforeHooks": [],
          "afterHooks": [],
          "tests": [
            {
              "title": "Alert OK",
              "fullTitle": "Alerts Handling Suite Alert OK",
              "timedOut": null,
              "duration": 8766,
              "state": "passed",
              "speed": "slow",
              "pass": true,
              "fail": false,
              "pending": false,
              "context": null,
              "code": "//navigate to url\ncy.visit('http://demo.automationtesting.in/Alerts.html'); //click on alert with ok segment\ncy.get(\"ul.nav-tabs > li:nth-child(1) > a:nth-child(1)\").click(); //click on the button\ncy.get(\".btn-danger\").click(); //to verify alert message, raise an event\ncy.on('window:alert', function (strMessage) {\n  expect(strMessage).to.equal('I am an alert box!');\n});",
              "err": {},
              "uuid": "4fd46e79-2ca2-498b-af24-92b8f6d48850",
              "parentUUID": "84985c9a-1eaf-415c-a78f-80dd74ce9bba",
              "isHook": false,
              "skipped": false
            },
            {
              "title": "Alert OK Cancel",
              "fullTitle": "Alerts Handling Suite Alert OK Cancel",
              "timedOut": null,
              "duration": 708,
              "state": "passed",
              "speed": "slow",
              "pass": true,
              "fail": false,
              "pending": false,
              "context": null,
              "code": "//click on alert with ok & cancel segment\ncy.get(\"ul.nav-tabs > li:nth-child(2) > a:nth-child(1)\").click(); //click on the button\ncy.get(\".btn-primary\").click(); //to verify alert message, raise an event\ncy.on('window:confirm', function (strMessage) {\n  expect(strMessage).to.equal('Press a Button !');\n});",
              "err": {},
              "uuid": "7979e963-962b-4c80-8e62-646e3e75b512",
              "parentUUID": "84985c9a-1eaf-415c-a78f-80dd74ce9bba",
              "isHook": false,
              "skipped": false
            }
          ],
          "suites": [],
          "passes": [
            "4fd46e79-2ca2-498b-af24-92b8f6d48850",
            "7979e963-962b-4c80-8e62-646e3e75b512"
          ],
          "failures": [],
          "pending": [],
          "skipped": [],
          "duration": 9474,
          "root": false,
          "rootEmpty": false,
          "_timeout": 2000
        }
      ],
      "passes": [],
      "failures": [],
      "pending": [],
      "skipped": [],
      "duration": 0,
      "root": true,
      "rootEmpty": true,
      "_timeout": 2000
    }
  ],
  "meta": {
    "mocha": {
      "version": "7.0.1"
    },
    "mochawesome": {
      "options": {
        "quiet": false,
        "reportFilename": "TestReport",
        "saveHtml": true,
        "saveJson": true,
        "consoleReporter": "spec",
        "useInlineDiffs": false,
        "code": true
      },
      "version": "6.1.1"
    },
    "marge": {
      "options": {
        "reportDir": "cypress/reports",
        "reportFilename": "TestReport",
        "overwrite": false,
        "html": true,
        "json": true,
        "charts": true
      },
      "version": "5.1.0"
    }
  }
}