{
  "stats": {
    "suites": 1,
    "tests": 1,
    "passes": 1,
    "pending": 0,
    "failures": 0,
    "start": "2020-09-10T18:22:39.807Z",
    "end": "2020-09-10T18:23:19.501Z",
    "duration": 39694,
    "testsRegistered": 1,
    "passPercent": 100,
    "pendingPercent": 0,
    "other": 0,
    "hasOther": false,
    "skipped": 0,
    "hasSkipped": false
  },
  "results": [
    {
      "uuid": "f96f87f4-384e-4d17-bf3b-ed2d0f7caa45",
      "title": "",
      "fullFile": "cypress\\integration\\webautomation\\CURAHealthcareTest.spec.js",
      "file": "cypress\\integration\\webautomation\\CURAHealthcareTest.spec.js",
      "beforeHooks": [],
      "afterHooks": [],
      "tests": [],
      "suites": [
        {
          "uuid": "441a618e-13c1-42eb-b706-5948c518c44a",
          "title": "CURA Healthcare Suite",
          "fullFile": "",
          "file": "",
          "beforeHooks": [],
          "afterHooks": [],
          "tests": [
            {
              "title": "Verify appointment booking",
              "fullTitle": "CURA Healthcare Suite Verify appointment booking",
              "timedOut": null,
              "duration": 30184,
              "state": "passed",
              "speed": "slow",
              "pass": true,
              "fail": false,
              "pending": false,
              "context": null,
              "code": "//navigate to url\ncy.visit('https://katalon-demo-cura.herokuapp.com/'); //check current url is valid or not\ncy.url().should('include', 'herokuapp'); //check whether make appointment button is visible and enabled or not\ncy.get(\"#btn-make-appointment\").should('be.visible'); //click on make appointment button\ncy.get(\"#btn-make-appointment\").click(); //check whether username textbox is visible and enabled or not\ncy.get(\"#txt-username\").should('be.visible').should('be.enabled'); //type the username in the username textbox\ncy.get(\"#txt-username\").clear().type('John Doe'); //check whether password textbox is visible and enabled or not\ncy.get(\"#txt-password\").should('be.visible').should('be.enabled'); //type the password in the password textbox\ncy.get(\"#txt-password\").clear().type('ThisIsNotAPassword'); //check whether login button is visible and enabled or not\ncy.get(\"#btn-login\").should('be.visible').should('be.enabled'); //click on login button\ncy.get(\"#btn-login\").click(); //verify page title\ncy.title().should('eq', 'CURA Healthcare Service'); //verify whether the facility dropdown is visible and enabled or not\ncy.get(\"#combo_facility\").select('Seoul CURA Healthcare Center').should('have.value', 'Seoul CURA Healthcare Center'); //verify whether apply for hospital readmission is visible and enabled or not\ncy.get('#chk_hospotal_readmission').should('be.visible').should('not.be.checked'); //check the hospital readmission checkbox\ncy.get('#chk_hospotal_readmission').check().should('have.value', 'Yes'); //verify whether medicare radio button is visible and checked or not\ncy.get(\"#radio_program_medicare\").should('be.visible').should('be.checked'); //verify whether medicaid radio button is visible and checked or not\ncy.get(\"#radio_program_medicaid\").should('be.visible').should('not.be.checked'); //click on the medicaid radio button\ncy.get(\"#radio_program_medicaid\").click(); //check whether visit date textbox is visible and enabled or not\ncy.get(\"#txt_visit_date\").should('be.visible').should('be.enabled'); //type the visit date in the visit date textbox\ncy.get(\"#txt_visit_date\").clear().type('05/09/2020'); //check whether comment textbox is visible and enabled or not\ncy.get(\"#txt_visit_date\").should('be.visible').should('be.enabled'); //type the comment in the comment textbox\ncy.get(\"#txt_visit_date\").clear().type('05/09/2020'); //check whether book appointment button is visible and enabled or not\ncy.get(\"#btn-book-appointment\").should('be.visible').should('be.enabled'); //click on book appointment button\ncy.get(\"#btn-book-appointment\").click(); //verify appointment is booked successfully or not\ncy.get(\"#summary > div > div > div.col-xs-12.text-center > h2\").contains('Appointment Confirmation');",
              "err": {},
              "uuid": "8e2fb8f5-2934-43e4-a53c-f38cc52f1aa9",
              "parentUUID": "441a618e-13c1-42eb-b706-5948c518c44a",
              "isHook": false,
              "skipped": false
            }
          ],
          "suites": [],
          "passes": [
            "8e2fb8f5-2934-43e4-a53c-f38cc52f1aa9"
          ],
          "failures": [],
          "pending": [],
          "skipped": [],
          "duration": 30184,
          "root": false,
          "rootEmpty": false,
          "_timeout": 2000
        }
      ],
      "passes": [],
      "failures": [],
      "pending": [],
      "skipped": [],
      "duration": 0,
      "root": true,
      "rootEmpty": true,
      "_timeout": 2000
    }
  ],
  "meta": {
    "mocha": {
      "version": "7.0.1"
    },
    "mochawesome": {
      "options": {
        "quiet": false,
        "reportFilename": "TestReport",
        "saveHtml": true,
        "saveJson": true,
        "consoleReporter": "spec",
        "useInlineDiffs": false,
        "code": true
      },
      "version": "6.1.1"
    },
    "marge": {
      "options": {
        "reportDir": "cypress/reports",
        "reportFilename": "TestReport",
        "overwrite": false,
        "html": true,
        "json": true,
        "charts": true
      },
      "version": "5.1.0"
    }
  }
}