{
  "stats": {
    "suites": 1,
    "tests": 1,
    "passes": 1,
    "pending": 0,
    "failures": 0,
    "start": "2020-09-10T18:23:25.530Z",
    "end": "2020-09-10T18:23:57.016Z",
    "duration": 31486,
    "testsRegistered": 1,
    "passPercent": 100,
    "pendingPercent": 0,
    "other": 0,
    "hasOther": false,
    "skipped": 0,
    "hasSkipped": false
  },
  "results": [
    {
      "uuid": "8a86ac24-3092-43be-9a44-84080e84120c",
      "title": "",
      "fullFile": "cypress\\integration\\webautomation\\CustomCommandsTest.spec.js",
      "file": "cypress\\integration\\webautomation\\CustomCommandsTest.spec.js",
      "beforeHooks": [],
      "afterHooks": [],
      "tests": [],
      "suites": [
        {
          "uuid": "bc42c58e-0a5d-410f-bc55-3a4ccc09ab9e",
          "title": "Orange HRM Custom Commands Suite",
          "fullFile": "",
          "file": "",
          "beforeHooks": [],
          "afterHooks": [],
          "tests": [
            {
              "title": "Verify dashboard tab is present",
              "fullTitle": "Orange HRM Custom Commands Suite Verify dashboard tab is present",
              "timedOut": null,
              "duration": 17834,
              "state": "passed",
              "speed": "slow",
              "pass": true,
              "fail": false,
              "pending": false,
              "context": null,
              "code": "//check dashboard is present in the home page\ncy.get(\"#menu_dashboard_index > b:nth-child(1)\").should('be.visible');",
              "err": {},
              "uuid": "27fe5c69-a5a1-4147-aa60-3d2e0866db24",
              "parentUUID": "bc42c58e-0a5d-410f-bc55-3a4ccc09ab9e",
              "isHook": false,
              "skipped": false
            }
          ],
          "suites": [],
          "passes": [
            "27fe5c69-a5a1-4147-aa60-3d2e0866db24"
          ],
          "failures": [],
          "pending": [],
          "skipped": [],
          "duration": 17834,
          "root": false,
          "rootEmpty": false,
          "_timeout": 2000
        }
      ],
      "passes": [],
      "failures": [],
      "pending": [],
      "skipped": [],
      "duration": 0,
      "root": true,
      "rootEmpty": true,
      "_timeout": 2000
    }
  ],
  "meta": {
    "mocha": {
      "version": "7.0.1"
    },
    "mochawesome": {
      "options": {
        "quiet": false,
        "reportFilename": "TestReport",
        "saveHtml": true,
        "saveJson": true,
        "consoleReporter": "spec",
        "useInlineDiffs": false,
        "code": true
      },
      "version": "6.1.1"
    },
    "marge": {
      "options": {
        "reportDir": "cypress/reports",
        "reportFilename": "TestReport",
        "overwrite": false,
        "html": true,
        "json": true,
        "charts": true
      },
      "version": "5.1.0"
    }
  }
}