{
  "stats": {
    "suites": 1,
    "tests": 1,
    "passes": 1,
    "pending": 0,
    "failures": 0,
    "start": "2020-09-10T18:32:42.244Z",
    "end": "2020-09-10T18:32:59.738Z",
    "duration": 17494,
    "testsRegistered": 1,
    "passPercent": 100,
    "pendingPercent": 0,
    "other": 0,
    "hasOther": false,
    "skipped": 0,
    "hasSkipped": false
  },
  "results": [
    {
      "uuid": "58f4f0db-489d-43c6-9e6b-2ccb937375ae",
      "title": "",
      "fullFile": "cypress\\integration\\webautomation\\ServiceUnavailableHandling.spec.js",
      "file": "cypress\\integration\\webautomation\\ServiceUnavailableHandling.spec.js",
      "beforeHooks": [],
      "afterHooks": [],
      "tests": [],
      "suites": [
        {
          "uuid": "c6c23176-6539-4bb6-b542-4610c3798367",
          "title": "Service Unavailable Handling Suite",
          "fullFile": "",
          "file": "",
          "beforeHooks": [],
          "afterHooks": [],
          "tests": [
            {
              "title": "Hubspot login page handling",
              "fullTitle": "Service Unavailable Handling Suite Hubspot login page handling",
              "timedOut": null,
              "duration": 12423,
              "state": "passed",
              "speed": "slow",
              "pass": true,
              "fail": false,
              "pending": false,
              "context": null,
              "code": "//navigate to url\ncy.visit(\"https://app.hubspot.com/login\", {\n  failOnStatusCode: false\n}); //service unavailable handling\n//type username\ncy.get(\"#username\").clear().type('test@abc.com'); //type password\ncy.get(\"#password\").clear().type('test123');",
              "err": {},
              "uuid": "bb542598-707e-4e97-97b3-9fc3133c01d4",
              "parentUUID": "c6c23176-6539-4bb6-b542-4610c3798367",
              "isHook": false,
              "skipped": false
            }
          ],
          "suites": [],
          "passes": [
            "bb542598-707e-4e97-97b3-9fc3133c01d4"
          ],
          "failures": [],
          "pending": [],
          "skipped": [],
          "duration": 12423,
          "root": false,
          "rootEmpty": false,
          "_timeout": 2000
        }
      ],
      "passes": [],
      "failures": [],
      "pending": [],
      "skipped": [],
      "duration": 0,
      "root": true,
      "rootEmpty": true,
      "_timeout": 2000
    }
  ],
  "meta": {
    "mocha": {
      "version": "7.0.1"
    },
    "mochawesome": {
      "options": {
        "quiet": false,
        "reportFilename": "TestReport",
        "saveHtml": true,
        "saveJson": true,
        "consoleReporter": "spec",
        "useInlineDiffs": false,
        "code": true
      },
      "version": "6.1.1"
    },
    "marge": {
      "options": {
        "reportDir": "cypress/reports",
        "reportFilename": "TestReport",
        "overwrite": false,
        "html": true,
        "json": true,
        "charts": true
      },
      "version": "5.1.0"
    }
  }
}